12-02-2023 04:07:20 - INFO - entering into main function
12-02-2023 04:07:20 - INFO - executing personal info
12-02-2023 04:07:20 - INFO - taking inputs from user
12-02-2023 04:07:27 - INFO - salary of emplyee 2500 is 25
12-02-2023 04:07:27 - INFO - calculating bonus
12-02-2023 04:07:27 - INFO - calculating gross salary
12-02-2023 04:22:59 - INFO - entering into main function
12-02-2023 04:22:59 - INFO - executing personal info
12-02-2023 04:22:59 - INFO - taking inputs from user
15-02-2023 09:01:06 - INFO - entering into main function
15-02-2023 09:01:06 - INFO - executing personal info
15-02-2023 09:01:06 - INFO - taking inputs from user
15-02-2023 09:01:14 - INFO - salary of emplyee 2500 is 25
15-02-2023 09:01:14 - INFO - calculating bonus
15-02-2023 09:01:14 - INFO - calculating gross salary
15-02-2023 09:03:34 - logpractice.py- INFO - entering into main function
15-02-2023 09:03:34 - root- INFO - executing personal info
15-02-2023 09:03:34 - logpractice.py- INFO - taking inputs from user
15-02-2023 09:03:41 - logpractice.py- INFO - salary of emplyee 100 is 22
15-02-2023 09:03:41 - logpractice.py- INFO - calculating bonus
15-02-2023 09:03:41 - logpractice.py- INFO - calculating gross salary
15-02-2023 09:04:29 - logpractice.py- INFO - entering into main function
15-02-2023 09:04:29 - root- INFO - executing personal info
15-02-2023 09:04:29 - logpractice.py- INFO - taking inputs from user
15-02-2023 09:04:38 - logpractice.py- INFO - salary of emplyee omka is 1222
15-02-2023 09:04:38 - logpractice.py- INFO - calculating bonus
15-02-2023 09:04:38 - logpractice.py- INFO - calculating gross salary
15-02-2023 09:04:51 - logpractice.py- INFO - entering into main function
15-02-2023 09:04:51 - root- INFO - executing personal info
15-02-2023 09:04:51 - logpractice.py- INFO - taking inputs from user
15-02-2023 09:05:02 - logpractice.py- CRITICAL - invalid literal for int() with base 10: 'ddf'
15-02-2023 09:05:44 - INFO - logpractice.py -  entering into main function
15-02-2023 09:05:44 - INFO - root -  executing personal info
15-02-2023 09:05:44 - INFO - logpractice.py -  taking inputs from user
15-02-2023 09:05:53 - CRITICAL - logpractice.py -  invalid literal for int() with base 10: 'f'
